[INFO] [2018-08-03 09:07:21] org.springframework.test.context.support.AbstractTestContextBootstrapper.getDefaultTestExecutionListenerClassNames(256) | Loaded default TestExecutionListener class names from location [META-INF/spring.factories]: [org.springframework.test.context.web.ServletTestExecutionListener, org.springframework.test.context.support.DependencyInjectionTestExecutionListener, org.springframework.test.context.support.DirtiesContextTestExecutionListener, org.springframework.test.context.transaction.TransactionalTestExecutionListener, org.springframework.test.context.jdbc.SqlScriptsTestExecutionListener]
[INFO] [2018-08-03 09:07:22] org.springframework.test.context.support.AbstractTestContextBootstrapper.getTestExecutionListeners(182) | Using TestExecutionListeners: [org.springframework.test.context.web.ServletTestExecutionListener@475530b9, org.springframework.test.context.support.DependencyInjectionTestExecutionListener@1d057a39, org.springframework.test.context.support.DirtiesContextTestExecutionListener@26be92ad, org.springframework.test.context.transaction.TransactionalTestExecutionListener@4c70fda8, org.springframework.test.context.jdbc.SqlScriptsTestExecutionListener@224edc67]
[INFO] [2018-08-03 09:07:23] org.springframework.beans.factory.xml.XmlBeanDefinitionReader.loadBeanDefinitions(317) | Loading XML bean definitions from class path resource [spring-test.xml]
[INFO] [2018-08-03 09:07:25] org.springframework.context.support.AbstractApplicationContext.prepareRefresh(510) | Refreshing org.springframework.context.support.GenericApplicationContext@60c6f5b: startup date [Fri Aug 03 09:07:25 CST 2018]; root of context hierarchy
[INFO] [2018-08-03 09:07:25] org.springframework.core.io.support.PropertiesLoaderSupport.loadProperties(172) | Loading properties file from URL [file:${CONF_HOME}/dubbo-server.properties]
[WARN] [2018-08-03 09:07:25] org.springframework.context.support.AbstractApplicationContext.refresh(487) | Exception encountered during context initialization - cancelling refresh attempt
org.springframework.beans.factory.BeanInitializationException: Could not load properties; nested exception is java.io.FileNotFoundException: ${CONF_HOME}\dubbo-server.properties (系统找不到指定的路径。)
	at org.springframework.beans.factory.config.PropertyResourceConfigurer.postProcessBeanFactory(PropertyResourceConfigurer.java:89)
	at org.springframework.context.support.PostProcessorRegistrationDelegate.invokeBeanFactoryPostProcessors(PostProcessorRegistrationDelegate.java:265)
	at org.springframework.context.support.PostProcessorRegistrationDelegate.invokeBeanFactoryPostProcessors(PostProcessorRegistrationDelegate.java:162)
	at org.springframework.context.support.AbstractApplicationContext.invokeBeanFactoryPostProcessors(AbstractApplicationContext.java:606)
	at org.springframework.context.support.AbstractApplicationContext.refresh(AbstractApplicationContext.java:462)
	at org.springframework.test.context.support.AbstractGenericContextLoader.loadContext(AbstractGenericContextLoader.java:125)
	at org.springframework.test.context.support.AbstractGenericContextLoader.loadContext(AbstractGenericContextLoader.java:60)
	at org.springframework.test.context.support.AbstractDelegatingSmartContextLoader.delegateLoading(AbstractDelegatingSmartContextLoader.java:109)
	at org.springframework.test.context.support.AbstractDelegatingSmartContextLoader.loadContext(AbstractDelegatingSmartContextLoader.java:261)
	at org.springframework.test.context.DefaultCacheAwareContextLoaderDelegate.loadContextInternal(DefaultCacheAwareContextLoaderDelegate.java:68)
	at org.springframework.test.context.DefaultCacheAwareContextLoaderDelegate.loadContext(DefaultCacheAwareContextLoaderDelegate.java:86)
	at org.springframework.test.context.DefaultTestContext.getApplicationContext(DefaultTestContext.java:72)
	at org.springframework.test.context.support.DependencyInjectionTestExecutionListener.injectDependencies(DependencyInjectionTestExecutionListener.java:117)
	at org.springframework.test.context.support.DependencyInjectionTestExecutionListener.prepareTestInstance(DependencyInjectionTestExecutionListener.java:83)
	at org.springframework.test.context.TestContextManager.prepareTestInstance(TestContextManager.java:212)
	at org.springframework.test.context.junit4.SpringJUnit4ClassRunner.createTest(SpringJUnit4ClassRunner.java:200)
	at org.springframework.test.context.junit4.SpringJUnit4ClassRunner$1.runReflectiveCall(SpringJUnit4ClassRunner.java:252)
	at org.junit.internal.runners.model.ReflectiveCallable.run(ReflectiveCallable.java:15)
	at org.springframework.test.context.junit4.SpringJUnit4ClassRunner.methodBlock(SpringJUnit4ClassRunner.java:254)
	at org.springframework.test.context.junit4.SpringJUnit4ClassRunner.runChild(SpringJUnit4ClassRunner.java:217)
	at org.springframework.test.context.junit4.SpringJUnit4ClassRunner.runChild(SpringJUnit4ClassRunner.java:83)
	at org.junit.runners.ParentRunner$3.run(ParentRunner.java:231)
	at org.junit.runners.ParentRunner$1.schedule(ParentRunner.java:60)
	at org.junit.runners.ParentRunner.runChildren(ParentRunner.java:229)
	at org.junit.runners.ParentRunner.access$000(ParentRunner.java:50)
	at org.junit.runners.ParentRunner$2.evaluate(ParentRunner.java:222)
	at org.springframework.test.context.junit4.statements.RunBeforeTestClassCallbacks.evaluate(RunBeforeTestClassCallbacks.java:61)
	at org.springframework.test.context.junit4.statements.RunAfterTestClassCallbacks.evaluate(RunAfterTestClassCallbacks.java:68)
	at org.junit.runners.ParentRunner.run(ParentRunner.java:292)
	at org.springframework.test.context.junit4.SpringJUnit4ClassRunner.run(SpringJUnit4ClassRunner.java:163)
	at org.junit.runner.JUnitCore.run(JUnitCore.java:157)
	at com.intellij.junit4.JUnit4IdeaTestRunner.startRunnerWithArgs(JUnit4IdeaTestRunner.java:119)
	at com.intellij.junit4.JUnit4IdeaTestRunner.startRunnerWithArgs(JUnit4IdeaTestRunner.java:42)
	at com.intellij.rt.execution.junit.JUnitStarter.prepareStreamsAndStart(JUnitStarter.java:234)
	at com.intellij.rt.execution.junit.JUnitStarter.main(JUnitStarter.java:74)
	at sun.reflect.NativeMethodAccessorImpl.invoke0(Native Method)
	at sun.reflect.NativeMethodAccessorImpl.invoke(NativeMethodAccessorImpl.java:62)
	at sun.reflect.DelegatingMethodAccessorImpl.invoke(DelegatingMethodAccessorImpl.java:43)
	at java.lang.reflect.Method.invoke(Method.java:497)
	at com.intellij.rt.execution.application.AppMain.main(AppMain.java:144)
Caused by: java.io.FileNotFoundException: ${CONF_HOME}\dubbo-server.properties (系统找不到指定的路径。)
	at java.io.FileInputStream.open0(Native Method)
	at java.io.FileInputStream.open(FileInputStream.java:195)
	at java.io.FileInputStream.<init>(FileInputStream.java:138)
	at java.io.FileInputStream.<init>(FileInputStream.java:93)
	at sun.net.www.protocol.file.FileURLConnection.connect(FileURLConnection.java:90)
	at sun.net.www.protocol.file.FileURLConnection.getInputStream(FileURLConnection.java:188)
	at org.springframework.core.io.UrlResource.getInputStream(UrlResource.java:168)
	at org.springframework.core.io.support.EncodedResource.getInputStream(EncodedResource.java:143)
	at org.springframework.core.io.support.PropertiesLoaderUtils.fillProperties(PropertiesLoaderUtils.java:98)
	at org.springframework.core.io.support.PropertiesLoaderSupport.loadProperties(PropertiesLoaderSupport.java:175)
	at org.springframework.core.io.support.PropertiesLoaderSupport.mergeProperties(PropertiesLoaderSupport.java:156)
	at org.springframework.beans.factory.config.PropertyResourceConfigurer.postProcessBeanFactory(PropertyResourceConfigurer.java:80)
	... 39 more
[ERROR] [2018-08-03 09:07:25] org.springframework.test.context.TestContextManager.prepareTestInstance(215) | Caught exception while allowing TestExecutionListener [org.springframework.test.context.support.DependencyInjectionTestExecutionListener@1d057a39] to prepare test instance [com.caxs.base.serviceImpl.UserServiceImplTest@51e69659]
java.lang.IllegalStateException: Failed to load ApplicationContext
	at org.springframework.test.context.DefaultCacheAwareContextLoaderDelegate.loadContext(DefaultCacheAwareContextLoaderDelegate.java:94)
	at org.springframework.test.context.DefaultTestContext.getApplicationContext(DefaultTestContext.java:72)
	at org.springframework.test.context.support.DependencyInjectionTestExecutionListener.injectDependencies(DependencyInjectionTestExecutionListener.java:117)
	at org.springframework.test.context.support.DependencyInjectionTestExecutionListener.prepareTestInstance(DependencyInjectionTestExecutionListener.java:83)
	at org.springframework.test.context.TestContextManager.prepareTestInstance(TestContextManager.java:212)
	at org.springframework.test.context.junit4.SpringJUnit4ClassRunner.createTest(SpringJUnit4ClassRunner.java:200)
	at org.springframework.test.context.junit4.SpringJUnit4ClassRunner$1.runReflectiveCall(SpringJUnit4ClassRunner.java:252)
	at org.junit.internal.runners.model.ReflectiveCallable.run(ReflectiveCallable.java:15)
	at org.springframework.test.context.junit4.SpringJUnit4ClassRunner.methodBlock(SpringJUnit4ClassRunner.java:254)
	at org.springframework.test.context.junit4.SpringJUnit4ClassRunner.runChild(SpringJUnit4ClassRunner.java:217)
	at org.springframework.test.context.junit4.SpringJUnit4ClassRunner.runChild(SpringJUnit4ClassRunner.java:83)
	at org.junit.runners.ParentRunner$3.run(ParentRunner.java:231)
	at org.junit.runners.ParentRunner$1.schedule(ParentRunner.java:60)
	at org.junit.runners.ParentRunner.runChildren(ParentRunner.java:229)
	at org.junit.runners.ParentRunner.access$000(ParentRunner.java:50)
	at org.junit.runners.ParentRunner$2.evaluate(ParentRunner.java:222)
	at org.springframework.test.context.junit4.statements.RunBeforeTestClassCallbacks.evaluate(RunBeforeTestClassCallbacks.java:61)
	at org.springframework.test.context.junit4.statements.RunAfterTestClassCallbacks.evaluate(RunAfterTestClassCallbacks.java:68)
	at org.junit.runners.ParentRunner.run(ParentRunner.java:292)
	at org.springframework.test.context.junit4.SpringJUnit4ClassRunner.run(SpringJUnit4ClassRunner.java:163)
	at org.junit.runner.JUnitCore.run(JUnitCore.java:157)
	at com.intellij.junit4.JUnit4IdeaTestRunner.startRunnerWithArgs(JUnit4IdeaTestRunner.java:119)
	at com.intellij.junit4.JUnit4IdeaTestRunner.startRunnerWithArgs(JUnit4IdeaTestRunner.java:42)
	at com.intellij.rt.execution.junit.JUnitStarter.prepareStreamsAndStart(JUnitStarter.java:234)
	at com.intellij.rt.execution.junit.JUnitStarter.main(JUnitStarter.java:74)
	at sun.reflect.NativeMethodAccessorImpl.invoke0(Native Method)
	at sun.reflect.NativeMethodAccessorImpl.invoke(NativeMethodAccessorImpl.java:62)
	at sun.reflect.DelegatingMethodAccessorImpl.invoke(DelegatingMethodAccessorImpl.java:43)
	at java.lang.reflect.Method.invoke(Method.java:497)
	at com.intellij.rt.execution.application.AppMain.main(AppMain.java:144)
Caused by: org.springframework.beans.factory.BeanInitializationException: Could not load properties; nested exception is java.io.FileNotFoundException: ${CONF_HOME}\dubbo-server.properties (系统找不到指定的路径。)
	at org.springframework.beans.factory.config.PropertyResourceConfigurer.postProcessBeanFactory(PropertyResourceConfigurer.java:89)
	at org.springframework.context.support.PostProcessorRegistrationDelegate.invokeBeanFactoryPostProcessors(PostProcessorRegistrationDelegate.java:265)
	at org.springframework.context.support.PostProcessorRegistrationDelegate.invokeBeanFactoryPostProcessors(PostProcessorRegistrationDelegate.java:162)
	at org.springframework.context.support.AbstractApplicationContext.invokeBeanFactoryPostProcessors(AbstractApplicationContext.java:606)
	at org.springframework.context.support.AbstractApplicationContext.refresh(AbstractApplicationContext.java:462)
	at org.springframework.test.context.support.AbstractGenericContextLoader.loadContext(AbstractGenericContextLoader.java:125)
	at org.springframework.test.context.support.AbstractGenericContextLoader.loadContext(AbstractGenericContextLoader.java:60)
	at org.springframework.test.context.support.AbstractDelegatingSmartContextLoader.delegateLoading(AbstractDelegatingSmartContextLoader.java:109)
	at org.springframework.test.context.support.AbstractDelegatingSmartContextLoader.loadContext(AbstractDelegatingSmartContextLoader.java:261)
	at org.springframework.test.context.DefaultCacheAwareContextLoaderDelegate.loadContextInternal(DefaultCacheAwareContextLoaderDelegate.java:68)
	at org.springframework.test.context.DefaultCacheAwareContextLoaderDelegate.loadContext(DefaultCacheAwareContextLoaderDelegate.java:86)
	... 29 more
Caused by: java.io.FileNotFoundException: ${CONF_HOME}\dubbo-server.properties (系统找不到指定的路径。)
	at java.io.FileInputStream.open0(Native Method)
	at java.io.FileInputStream.open(FileInputStream.java:195)
	at java.io.FileInputStream.<init>(FileInputStream.java:138)
	at java.io.FileInputStream.<init>(FileInputStream.java:93)
	at sun.net.www.protocol.file.FileURLConnection.connect(FileURLConnection.java:90)
	at sun.net.www.protocol.file.FileURLConnection.getInputStream(FileURLConnection.java:188)
	at org.springframework.core.io.UrlResource.getInputStream(UrlResource.java:168)
	at org.springframework.core.io.support.EncodedResource.getInputStream(EncodedResource.java:143)
	at org.springframework.core.io.support.PropertiesLoaderUtils.fillProperties(PropertiesLoaderUtils.java:98)
	at org.springframework.core.io.support.PropertiesLoaderSupport.loadProperties(PropertiesLoaderSupport.java:175)
	at org.springframework.core.io.support.PropertiesLoaderSupport.mergeProperties(PropertiesLoaderSupport.java:156)
	at org.springframework.beans.factory.config.PropertyResourceConfigurer.postProcessBeanFactory(PropertyResourceConfigurer.java:80)
	... 39 more
[INFO] [2018-08-03 09:11:05] org.springframework.test.context.support.AbstractTestContextBootstrapper.getDefaultTestExecutionListenerClassNames(256) | Loaded default TestExecutionListener class names from location [META-INF/spring.factories]: [org.springframework.test.context.web.ServletTestExecutionListener, org.springframework.test.context.support.DependencyInjectionTestExecutionListener, org.springframework.test.context.support.DirtiesContextTestExecutionListener, org.springframework.test.context.transaction.TransactionalTestExecutionListener, org.springframework.test.context.jdbc.SqlScriptsTestExecutionListener]
[INFO] [2018-08-03 09:11:05] org.springframework.test.context.support.AbstractTestContextBootstrapper.getTestExecutionListeners(182) | Using TestExecutionListeners: [org.springframework.test.context.web.ServletTestExecutionListener@475530b9, org.springframework.test.context.support.DependencyInjectionTestExecutionListener@1d057a39, org.springframework.test.context.support.DirtiesContextTestExecutionListener@26be92ad, org.springframework.test.context.transaction.TransactionalTestExecutionListener@4c70fda8, org.springframework.test.context.jdbc.SqlScriptsTestExecutionListener@224edc67]
[INFO] [2018-08-03 09:11:05] org.springframework.beans.factory.xml.XmlBeanDefinitionReader.loadBeanDefinitions(317) | Loading XML bean definitions from class path resource [spring-test.xml]
[INFO] [2018-08-03 09:11:05] org.springframework.context.support.AbstractApplicationContext.prepareRefresh(510) | Refreshing org.springframework.context.support.GenericApplicationContext@60c6f5b: startup date [Fri Aug 03 09:11:05 CST 2018]; root of context hierarchy
[INFO] [2018-08-03 09:11:05] org.springframework.core.io.support.PropertiesLoaderSupport.loadProperties(172) | Loading properties file from URL [file:E:/caxinsTest/caxstest/caxs-conf/dubbo-server.properties]
[INFO] [2018-08-03 09:11:05] org.springframework.core.io.support.PropertiesLoaderSupport.loadProperties(172) | Loading properties file from URL [file:E:/caxinsTest/caxstest/caxs-conf/jdbc.properties]
[INFO] [2018-08-03 09:11:06] com.alibaba.druid.pool.DruidDataSource.init(722) | {dataSource-1} inited
[INFO] [2018-08-03 09:11:06] com.alibaba.druid.pool.DruidDataSourceStatLoggerImpl.log(77) | {"url":"jdbc:mysql://haomo-studio.com:3317/org?useUnicode=true&characterEncoding=utf8&autoReconnect=true","dbType":"mysql","name":"DataSource-1200470358","activeCount":0,"poolingCount":0,"connectCount":0,"closeCount":0}
[INFO] [2018-08-03 09:11:07] org.springframework.context.support.AbstractApplicationContext.doClose(862) | Closing org.springframework.context.support.GenericApplicationContext@60c6f5b: startup date [Fri Aug 03 09:11:05 CST 2018]; root of context hierarchy
[INFO] [2018-08-03 09:11:07] com.alibaba.druid.pool.DruidDataSource.close(1447) | {dataSource-1} closed
[INFO] [2018-08-03 09:11:38] org.springframework.test.context.support.AbstractTestContextBootstrapper.getDefaultTestExecutionListenerClassNames(256) | Loaded default TestExecutionListener class names from location [META-INF/spring.factories]: [org.springframework.test.context.web.ServletTestExecutionListener, org.springframework.test.context.support.DependencyInjectionTestExecutionListener, org.springframework.test.context.support.DirtiesContextTestExecutionListener, org.springframework.test.context.transaction.TransactionalTestExecutionListener, org.springframework.test.context.jdbc.SqlScriptsTestExecutionListener]
[INFO] [2018-08-03 09:11:38] org.springframework.test.context.support.AbstractTestContextBootstrapper.getTestExecutionListeners(182) | Using TestExecutionListeners: [org.springframework.test.context.web.ServletTestExecutionListener@475530b9, org.springframework.test.context.support.DependencyInjectionTestExecutionListener@1d057a39, org.springframework.test.context.support.DirtiesContextTestExecutionListener@26be92ad, org.springframework.test.context.transaction.TransactionalTestExecutionListener@4c70fda8, org.springframework.test.context.jdbc.SqlScriptsTestExecutionListener@224edc67]
[INFO] [2018-08-03 09:11:38] org.springframework.beans.factory.xml.XmlBeanDefinitionReader.loadBeanDefinitions(317) | Loading XML bean definitions from class path resource [spring-test.xml]
[INFO] [2018-08-03 09:11:39] org.springframework.context.support.AbstractApplicationContext.prepareRefresh(510) | Refreshing org.springframework.context.support.GenericApplicationContext@60c6f5b: startup date [Fri Aug 03 09:11:39 CST 2018]; root of context hierarchy
[INFO] [2018-08-03 09:11:39] org.springframework.core.io.support.PropertiesLoaderSupport.loadProperties(172) | Loading properties file from URL [file:E:/caxinsTest/caxstest/caxs-conf/dubbo-server.properties]
[INFO] [2018-08-03 09:11:39] org.springframework.core.io.support.PropertiesLoaderSupport.loadProperties(172) | Loading properties file from URL [file:E:/caxinsTest/caxstest/caxs-conf/jdbc.properties]
[INFO] [2018-08-03 09:11:39] com.alibaba.druid.pool.DruidDataSource.init(722) | {dataSource-1} inited
[INFO] [2018-08-03 09:11:39] com.alibaba.druid.pool.DruidDataSourceStatLoggerImpl.log(77) | {"url":"jdbc:mysql://haomo-studio.com:3317/org?useUnicode=true&characterEncoding=utf8&autoReconnect=true","dbType":"mysql","name":"DataSource-1200470358","activeCount":0,"poolingCount":0,"connectCount":0,"closeCount":0}
[INFO] [2018-08-03 09:11:39] org.springframework.context.support.AbstractApplicationContext.doClose(862) | Closing org.springframework.context.support.GenericApplicationContext@60c6f5b: startup date [Fri Aug 03 09:11:39 CST 2018]; root of context hierarchy
[INFO] [2018-08-03 09:11:39] com.alibaba.druid.pool.DruidDataSource.close(1447) | {dataSource-1} closed
[INFO] [2018-08-03 09:12:03] org.springframework.test.context.support.AbstractTestContextBootstrapper.getDefaultTestExecutionListenerClassNames(256) | Loaded default TestExecutionListener class names from location [META-INF/spring.factories]: [org.springframework.test.context.web.ServletTestExecutionListener, org.springframework.test.context.support.DependencyInjectionTestExecutionListener, org.springframework.test.context.support.DirtiesContextTestExecutionListener, org.springframework.test.context.transaction.TransactionalTestExecutionListener, org.springframework.test.context.jdbc.SqlScriptsTestExecutionListener]
[INFO] [2018-08-03 09:12:03] org.springframework.test.context.support.AbstractTestContextBootstrapper.getTestExecutionListeners(182) | Using TestExecutionListeners: [org.springframework.test.context.web.ServletTestExecutionListener@3e3047e6, org.springframework.test.context.support.DependencyInjectionTestExecutionListener@37e547da, org.springframework.test.context.support.DirtiesContextTestExecutionListener@2b6856dd, org.springframework.test.context.transaction.TransactionalTestExecutionListener@5db45159, org.springframework.test.context.jdbc.SqlScriptsTestExecutionListener@6107227e]
[INFO] [2018-08-03 09:12:03] org.springframework.beans.factory.xml.XmlBeanDefinitionReader.loadBeanDefinitions(317) | Loading XML bean definitions from class path resource [spring-test.xml]
[INFO] [2018-08-03 09:12:03] org.springframework.context.support.AbstractApplicationContext.prepareRefresh(510) | Refreshing org.springframework.context.support.GenericApplicationContext@7c0c77c7: startup date [Fri Aug 03 09:12:03 CST 2018]; root of context hierarchy
[INFO] [2018-08-03 09:12:04] org.springframework.core.io.support.PropertiesLoaderSupport.loadProperties(172) | Loading properties file from URL [file:E:/caxinsTest/caxstest/caxs-conf/dubbo-server.properties]
[INFO] [2018-08-03 09:12:04] org.springframework.core.io.support.PropertiesLoaderSupport.loadProperties(172) | Loading properties file from URL [file:E:/caxinsTest/caxstest/caxs-conf/jdbc.properties]
[INFO] [2018-08-03 09:12:04] com.alibaba.druid.pool.DruidDataSource.init(722) | {dataSource-1} inited
[INFO] [2018-08-03 09:12:04] com.alibaba.druid.pool.DruidDataSourceStatLoggerImpl.log(77) | {"url":"jdbc:mysql://haomo-studio.com:3317/org?useUnicode=true&characterEncoding=utf8&autoReconnect=true","dbType":"mysql","name":"DataSource-1057569470","activeCount":0,"poolingCount":0,"connectCount":0,"closeCount":0}
[INFO] [2018-08-03 09:12:15] org.springframework.context.support.AbstractApplicationContext.doClose(862) | Closing org.springframework.context.support.GenericApplicationContext@7c0c77c7: startup date [Fri Aug 03 09:12:03 CST 2018]; root of context hierarchy
[INFO] [2018-08-03 09:12:15] com.alibaba.druid.pool.DruidDataSource.close(1447) | {dataSource-1} closed
[INFO] [2018-08-03 09:15:36] org.springframework.test.context.support.AbstractTestContextBootstrapper.getDefaultTestExecutionListenerClassNames(256) | Loaded default TestExecutionListener class names from location [META-INF/spring.factories]: [org.springframework.test.context.web.ServletTestExecutionListener, org.springframework.test.context.support.DependencyInjectionTestExecutionListener, org.springframework.test.context.support.DirtiesContextTestExecutionListener, org.springframework.test.context.transaction.TransactionalTestExecutionListener, org.springframework.test.context.jdbc.SqlScriptsTestExecutionListener]
[INFO] [2018-08-03 09:15:36] org.springframework.test.context.support.AbstractTestContextBootstrapper.getTestExecutionListeners(182) | Using TestExecutionListeners: [org.springframework.test.context.web.ServletTestExecutionListener@3e3047e6, org.springframework.test.context.support.DependencyInjectionTestExecutionListener@37e547da, org.springframework.test.context.support.DirtiesContextTestExecutionListener@2b6856dd, org.springframework.test.context.transaction.TransactionalTestExecutionListener@5db45159, org.springframework.test.context.jdbc.SqlScriptsTestExecutionListener@6107227e]
[INFO] [2018-08-03 09:15:36] org.springframework.beans.factory.xml.XmlBeanDefinitionReader.loadBeanDefinitions(317) | Loading XML bean definitions from class path resource [spring-test.xml]
[INFO] [2018-08-03 09:15:37] org.springframework.context.support.AbstractApplicationContext.prepareRefresh(510) | Refreshing org.springframework.context.support.GenericApplicationContext@7c0c77c7: startup date [Fri Aug 03 09:15:37 CST 2018]; root of context hierarchy
[INFO] [2018-08-03 09:15:37] org.springframework.core.io.support.PropertiesLoaderSupport.loadProperties(172) | Loading properties file from URL [file:E:/caxinsTest/caxstest/caxs-conf/dubbo-server.properties]
[INFO] [2018-08-03 09:15:37] org.springframework.core.io.support.PropertiesLoaderSupport.loadProperties(172) | Loading properties file from URL [file:E:/caxinsTest/caxstest/caxs-conf/jdbc.properties]
[INFO] [2018-08-03 09:15:37] com.alibaba.druid.pool.DruidDataSource.init(722) | {dataSource-1} inited
[INFO] [2018-08-03 09:15:37] com.alibaba.druid.pool.DruidDataSourceStatLoggerImpl.log(77) | {"url":"jdbc:mysql://haomo-studio.com:3317/org?useUnicode=true&characterEncoding=utf8&autoReconnect=true","dbType":"mysql","name":"DataSource-2031927175","activeCount":0,"poolingCount":0,"connectCount":0,"closeCount":0}
[INFO] [2018-08-03 09:21:25] org.springframework.context.support.AbstractApplicationContext.doClose(862) | Closing org.springframework.context.support.GenericApplicationContext@7c0c77c7: startup date [Fri Aug 03 09:15:37 CST 2018]; root of context hierarchy
[INFO] [2018-08-03 09:21:25] com.alibaba.druid.pool.DruidDataSource.close(1447) | {dataSource-1} closed
[INFO] [2018-08-03 09:21:30] org.springframework.test.context.support.AbstractTestContextBootstrapper.getDefaultTestExecutionListenerClassNames(256) | Loaded default TestExecutionListener class names from location [META-INF/spring.factories]: [org.springframework.test.context.web.ServletTestExecutionListener, org.springframework.test.context.support.DependencyInjectionTestExecutionListener, org.springframework.test.context.support.DirtiesContextTestExecutionListener, org.springframework.test.context.transaction.TransactionalTestExecutionListener, org.springframework.test.context.jdbc.SqlScriptsTestExecutionListener]
[INFO] [2018-08-03 09:21:30] org.springframework.test.context.support.AbstractTestContextBootstrapper.getTestExecutionListeners(182) | Using TestExecutionListeners: [org.springframework.test.context.web.ServletTestExecutionListener@3e3047e6, org.springframework.test.context.support.DependencyInjectionTestExecutionListener@37e547da, org.springframework.test.context.support.DirtiesContextTestExecutionListener@2b6856dd, org.springframework.test.context.transaction.TransactionalTestExecutionListener@5db45159, org.springframework.test.context.jdbc.SqlScriptsTestExecutionListener@6107227e]
[INFO] [2018-08-03 09:21:30] org.springframework.beans.factory.xml.XmlBeanDefinitionReader.loadBeanDefinitions(317) | Loading XML bean definitions from class path resource [spring-test.xml]
[INFO] [2018-08-03 09:21:30] org.springframework.context.support.AbstractApplicationContext.prepareRefresh(510) | Refreshing org.springframework.context.support.GenericApplicationContext@7c0c77c7: startup date [Fri Aug 03 09:21:30 CST 2018]; root of context hierarchy
[INFO] [2018-08-03 09:21:31] org.springframework.core.io.support.PropertiesLoaderSupport.loadProperties(172) | Loading properties file from URL [file:E:/caxinsTest/caxstest/caxs-conf/dubbo-server.properties]
[INFO] [2018-08-03 09:21:31] org.springframework.core.io.support.PropertiesLoaderSupport.loadProperties(172) | Loading properties file from URL [file:E:/caxinsTest/caxstest/caxs-conf/jdbc.properties]
[INFO] [2018-08-03 09:21:31] com.alibaba.druid.pool.DruidDataSource.init(722) | {dataSource-1} inited
[INFO] [2018-08-03 09:21:31] com.alibaba.druid.pool.DruidDataSourceStatLoggerImpl.log(77) | {"url":"jdbc:mysql://haomo-studio.com:3317/org?useUnicode=true&characterEncoding=utf8&autoReconnect=true","dbType":"mysql","name":"DataSource-1057569470","activeCount":0,"poolingCount":0,"connectCount":0,"closeCount":0}
[INFO] [2018-08-03 09:21:50] org.springframework.context.support.AbstractApplicationContext.doClose(862) | Closing org.springframework.context.support.GenericApplicationContext@7c0c77c7: startup date [Fri Aug 03 09:21:30 CST 2018]; root of context hierarchy
[INFO] [2018-08-03 09:21:50] com.alibaba.druid.pool.DruidDataSource.close(1447) | {dataSource-1} closed
[INFO] [2018-08-03 09:21:59] org.springframework.test.context.support.AbstractTestContextBootstrapper.getDefaultTestExecutionListenerClassNames(256) | Loaded default TestExecutionListener class names from location [META-INF/spring.factories]: [org.springframework.test.context.web.ServletTestExecutionListener, org.springframework.test.context.support.DependencyInjectionTestExecutionListener, org.springframework.test.context.support.DirtiesContextTestExecutionListener, org.springframework.test.context.transaction.TransactionalTestExecutionListener, org.springframework.test.context.jdbc.SqlScriptsTestExecutionListener]
[INFO] [2018-08-03 09:21:59] org.springframework.test.context.support.AbstractTestContextBootstrapper.getTestExecutionListeners(182) | Using TestExecutionListeners: [org.springframework.test.context.web.ServletTestExecutionListener@3e3047e6, org.springframework.test.context.support.DependencyInjectionTestExecutionListener@37e547da, org.springframework.test.context.support.DirtiesContextTestExecutionListener@2b6856dd, org.springframework.test.context.transaction.TransactionalTestExecutionListener@5db45159, org.springframework.test.context.jdbc.SqlScriptsTestExecutionListener@6107227e]
[INFO] [2018-08-03 09:21:59] org.springframework.beans.factory.xml.XmlBeanDefinitionReader.loadBeanDefinitions(317) | Loading XML bean definitions from class path resource [spring-test.xml]
[INFO] [2018-08-03 09:21:59] org.springframework.context.support.AbstractApplicationContext.prepareRefresh(510) | Refreshing org.springframework.context.support.GenericApplicationContext@7c0c77c7: startup date [Fri Aug 03 09:21:59 CST 2018]; root of context hierarchy
[INFO] [2018-08-03 09:21:59] org.springframework.core.io.support.PropertiesLoaderSupport.loadProperties(172) | Loading properties file from URL [file:E:/caxinsTest/caxstest/caxs-conf/dubbo-server.properties]
[INFO] [2018-08-03 09:21:59] org.springframework.core.io.support.PropertiesLoaderSupport.loadProperties(172) | Loading properties file from URL [file:E:/caxinsTest/caxstest/caxs-conf/jdbc.properties]
[INFO] [2018-08-03 09:22:00] com.alibaba.druid.pool.DruidDataSource.init(722) | {dataSource-1} inited
[INFO] [2018-08-03 09:22:00] com.alibaba.druid.pool.DruidDataSourceStatLoggerImpl.log(77) | {"url":"jdbc:mysql://haomo-studio.com:3317/org?useUnicode=true&characterEncoding=utf8&autoReconnect=true","dbType":"mysql","name":"DataSource-2031927175","activeCount":0,"poolingCount":0,"connectCount":0,"closeCount":0}
[INFO] [2018-08-03 09:22:39] org.springframework.context.support.AbstractApplicationContext.doClose(862) | Closing org.springframework.context.support.GenericApplicationContext@7c0c77c7: startup date [Fri Aug 03 09:21:59 CST 2018]; root of context hierarchy
[INFO] [2018-08-03 09:22:39] com.alibaba.druid.pool.DruidDataSource.close(1447) | {dataSource-1} closed
[INFO] [2018-08-03 09:23:01] org.springframework.test.context.support.AbstractTestContextBootstrapper.getDefaultTestExecutionListenerClassNames(256) | Loaded default TestExecutionListener class names from location [META-INF/spring.factories]: [org.springframework.test.context.web.ServletTestExecutionListener, org.springframework.test.context.support.DependencyInjectionTestExecutionListener, org.springframework.test.context.support.DirtiesContextTestExecutionListener, org.springframework.test.context.transaction.TransactionalTestExecutionListener, org.springframework.test.context.jdbc.SqlScriptsTestExecutionListener]
[INFO] [2018-08-03 09:23:01] org.springframework.test.context.support.AbstractTestContextBootstrapper.getTestExecutionListeners(182) | Using TestExecutionListeners: [org.springframework.test.context.web.ServletTestExecutionListener@3e3047e6, org.springframework.test.context.support.DependencyInjectionTestExecutionListener@37e547da, org.springframework.test.context.support.DirtiesContextTestExecutionListener@2b6856dd, org.springframework.test.context.transaction.TransactionalTestExecutionListener@5db45159, org.springframework.test.context.jdbc.SqlScriptsTestExecutionListener@6107227e]
[INFO] [2018-08-03 09:23:01] org.springframework.beans.factory.xml.XmlBeanDefinitionReader.loadBeanDefinitions(317) | Loading XML bean definitions from class path resource [spring-test.xml]
[INFO] [2018-08-03 09:23:01] org.springframework.context.support.AbstractApplicationContext.prepareRefresh(510) | Refreshing org.springframework.context.support.GenericApplicationContext@7c0c77c7: startup date [Fri Aug 03 09:23:01 CST 2018]; root of context hierarchy
[INFO] [2018-08-03 09:23:01] org.springframework.core.io.support.PropertiesLoaderSupport.loadProperties(172) | Loading properties file from URL [file:E:/caxinsTest/caxstest/caxs-conf/dubbo-server.properties]
[INFO] [2018-08-03 09:23:01] org.springframework.core.io.support.PropertiesLoaderSupport.loadProperties(172) | Loading properties file from URL [file:E:/caxinsTest/caxstest/caxs-conf/jdbc.properties]
[INFO] [2018-08-03 09:23:02] com.alibaba.druid.pool.DruidDataSource.init(722) | {dataSource-1} inited
[INFO] [2018-08-03 09:23:02] com.alibaba.druid.pool.DruidDataSourceStatLoggerImpl.log(77) | {"url":"jdbc:mysql://haomo-studio.com:3317/org?useUnicode=true&characterEncoding=utf8&autoReconnect=true","dbType":"mysql","name":"DataSource-2031927175","activeCount":0,"poolingCount":0,"connectCount":0,"closeCount":0}
[ERROR] [2018-08-03 09:23:05] com.alibaba.druid.filter.logging.Log4jFilter.statementLogError(152) | {conn-10001, pstmt-20000} execute error. insert into hm_user
     ( id,
      
      
        username,
      
      
        loginid,
      
      
        password ) 
     values ( ?,
      
      
        ?,
      
      
        ?,
      
      
        ? )
com.mysql.jdbc.exceptions.jdbc4.MySQLIntegrityConstraintViolationException: Duplicate entry '13' for key 'PRIMARY'
	at sun.reflect.NativeConstructorAccessorImpl.newInstance0(Native Method)
	at sun.reflect.NativeConstructorAccessorImpl.newInstance(NativeConstructorAccessorImpl.java:62)
	at sun.reflect.DelegatingConstructorAccessorImpl.newInstance(DelegatingConstructorAccessorImpl.java:45)
	at java.lang.reflect.Constructor.newInstance(Constructor.java:422)
	at com.mysql.jdbc.Util.handleNewInstance(Util.java:377)
	at com.mysql.jdbc.Util.getInstance(Util.java:360)
	at com.mysql.jdbc.SQLError.createSQLException(SQLError.java:971)
	at com.mysql.jdbc.MysqlIO.checkErrorPacket(MysqlIO.java:3887)
	at com.mysql.jdbc.MysqlIO.checkErrorPacket(MysqlIO.java:3823)
	at com.mysql.jdbc.MysqlIO.sendCommand(MysqlIO.java:2435)
	at com.mysql.jdbc.MysqlIO.sqlQueryDirect(MysqlIO.java:2582)
	at com.mysql.jdbc.ConnectionImpl.execSQL(ConnectionImpl.java:2530)
	at com.mysql.jdbc.PreparedStatement.executeInternal(PreparedStatement.java:1907)
	at com.mysql.jdbc.PreparedStatement.execute(PreparedStatement.java:1199)
	at com.alibaba.druid.filter.FilterChainImpl.preparedStatement_execute(FilterChainImpl.java:2931)
	at com.alibaba.druid.filter.FilterEventAdapter.preparedStatement_execute(FilterEventAdapter.java:440)
	at com.alibaba.druid.filter.FilterChainImpl.preparedStatement_execute(FilterChainImpl.java:2929)
	at com.alibaba.druid.filter.FilterEventAdapter.preparedStatement_execute(FilterEventAdapter.java:440)
	at com.alibaba.druid.filter.FilterChainImpl.preparedStatement_execute(FilterChainImpl.java:2929)
	at com.alibaba.druid.wall.WallFilter.preparedStatement_execute(WallFilter.java:600)
	at com.alibaba.druid.filter.FilterChainImpl.preparedStatement_execute(FilterChainImpl.java:2929)
	at com.alibaba.druid.filter.FilterEventAdapter.preparedStatement_execute(FilterEventAdapter.java:440)
	at com.alibaba.druid.filter.FilterChainImpl.preparedStatement_execute(FilterChainImpl.java:2929)
	at com.alibaba.druid.proxy.jdbc.PreparedStatementProxyImpl.execute(PreparedStatementProxyImpl.java:131)
	at com.alibaba.druid.pool.DruidPooledPreparedStatement.execute(DruidPooledPreparedStatement.java:493)
	at org.apache.ibatis.executor.statement.PreparedStatementHandler.update(PreparedStatementHandler.java:44)
	at org.apache.ibatis.executor.statement.RoutingStatementHandler.update(RoutingStatementHandler.java:69)
	at org.apache.ibatis.executor.SimpleExecutor.doUpdate(SimpleExecutor.java:48)
	at org.apache.ibatis.executor.BaseExecutor.update(BaseExecutor.java:105)
	at org.apache.ibatis.executor.CachingExecutor.update(CachingExecutor.java:71)
	at sun.reflect.NativeMethodAccessorImpl.invoke0(Native Method)
	at sun.reflect.NativeMethodAccessorImpl.invoke(NativeMethodAccessorImpl.java:62)
	at sun.reflect.DelegatingMethodAccessorImpl.invoke(DelegatingMethodAccessorImpl.java:43)
	at java.lang.reflect.Method.invoke(Method.java:497)
	at org.apache.ibatis.plugin.Plugin.invoke(Plugin.java:62)
	at com.sun.proxy.$Proxy21.update(Unknown Source)
	at org.apache.ibatis.session.defaults.DefaultSqlSession.update(DefaultSqlSession.java:152)
	at org.apache.ibatis.session.defaults.DefaultSqlSession.insert(DefaultSqlSession.java:141)
	at sun.reflect.NativeMethodAccessorImpl.invoke0(Native Method)
	at sun.reflect.NativeMethodAccessorImpl.invoke(NativeMethodAccessorImpl.java:62)
	at sun.reflect.DelegatingMethodAccessorImpl.invoke(DelegatingMethodAccessorImpl.java:43)
	at java.lang.reflect.Method.invoke(Method.java:497)
	at org.mybatis.spring.SqlSessionTemplate$SqlSessionInterceptor.invoke(SqlSessionTemplate.java:358)
	at com.sun.proxy.$Proxy17.insert(Unknown Source)
	at org.mybatis.spring.SqlSessionTemplate.insert(SqlSessionTemplate.java:240)
	at org.apache.ibatis.binding.MapperMethod.execute(MapperMethod.java:51)
	at org.apache.ibatis.binding.MapperProxy.invoke(MapperProxy.java:52)
	at com.sun.proxy.$Proxy19.insertSelective(Unknown Source)
	at com.caxs.base.serviceImpl.UserServiceImplTest.testCreatUser(UserServiceImplTest.java:67)
	at sun.reflect.NativeMethodAccessorImpl.invoke0(Native Method)
	at sun.reflect.NativeMethodAccessorImpl.invoke(NativeMethodAccessorImpl.java:62)
	at sun.reflect.DelegatingMethodAccessorImpl.invoke(DelegatingMethodAccessorImpl.java:43)
	at java.lang.reflect.Method.invoke(Method.java:497)
	at org.junit.runners.model.FrameworkMethod$1.runReflectiveCall(FrameworkMethod.java:44)
	at org.junit.internal.runners.model.ReflectiveCallable.run(ReflectiveCallable.java:15)
	at org.junit.runners.model.FrameworkMethod.invokeExplosively(FrameworkMethod.java:41)
	at org.junit.internal.runners.statements.InvokeMethod.evaluate(InvokeMethod.java:20)
	at org.junit.internal.runners.statements.RunBefores.evaluate(RunBefores.java:28)
	at org.springframework.test.context.junit4.statements.RunBeforeTestMethodCallbacks.evaluate(RunBeforeTestMethodCallbacks.java:73)
	at org.junit.internal.runners.statements.RunAfters.evaluate(RunAfters.java:31)
	at org.springframework.test.context.junit4.statements.RunAfterTestMethodCallbacks.evaluate(RunAfterTestMethodCallbacks.java:82)
	at org.springframework.test.context.junit4.statements.SpringRepeat.evaluate(SpringRepeat.java:73)
	at org.junit.runners.ParentRunner.runLeaf(ParentRunner.java:263)
	at org.springframework.test.context.junit4.SpringJUnit4ClassRunner.runChild(SpringJUnit4ClassRunner.java:217)
	at org.springframework.test.context.junit4.SpringJUnit4ClassRunner.runChild(SpringJUnit4ClassRunner.java:83)
	at org.junit.runners.ParentRunner$3.run(ParentRunner.java:231)
	at org.junit.runners.ParentRunner$1.schedule(ParentRunner.java:60)
	at org.junit.runners.ParentRunner.runChildren(ParentRunner.java:229)
	at org.junit.runners.ParentRunner.access$000(ParentRunner.java:50)
	at org.junit.runners.ParentRunner$2.evaluate(ParentRunner.java:222)
	at org.springframework.test.context.junit4.statements.RunBeforeTestClassCallbacks.evaluate(RunBeforeTestClassCallbacks.java:61)
	at org.springframework.test.context.junit4.statements.RunAfterTestClassCallbacks.evaluate(RunAfterTestClassCallbacks.java:68)
	at org.junit.runners.ParentRunner.run(ParentRunner.java:292)
	at org.springframework.test.context.junit4.SpringJUnit4ClassRunner.run(SpringJUnit4ClassRunner.java:163)
	at org.junit.runner.JUnitCore.run(JUnitCore.java:157)
	at com.intellij.junit4.JUnit4IdeaTestRunner.startRunnerWithArgs(JUnit4IdeaTestRunner.java:119)
	at com.intellij.junit4.JUnit4IdeaTestRunner.startRunnerWithArgs(JUnit4IdeaTestRunner.java:42)
	at com.intellij.rt.execution.junit.JUnitStarter.prepareStreamsAndStart(JUnitStarter.java:234)
	at com.intellij.rt.execution.junit.JUnitStarter.main(JUnitStarter.java:74)
[INFO] [2018-08-03 09:23:05] org.springframework.beans.factory.xml.XmlBeanDefinitionReader.loadBeanDefinitions(317) | Loading XML bean definitions from class path resource [org/springframework/jdbc/support/sql-error-codes.xml]
[INFO] [2018-08-03 09:23:05] org.springframework.jdbc.support.SQLErrorCodesFactory.<init>(126) | SQLErrorCodes loaded: [DB2, Derby, H2, HSQL, Informix, MS-SQL, MySQL, Oracle, PostgreSQL, Sybase, Hana]
[INFO] [2018-08-03 09:23:05] org.springframework.context.support.AbstractApplicationContext.doClose(862) | Closing org.springframework.context.support.GenericApplicationContext@7c0c77c7: startup date [Fri Aug 03 09:23:01 CST 2018]; root of context hierarchy
[INFO] [2018-08-03 09:23:05] com.alibaba.druid.pool.DruidDataSource.close(1447) | {dataSource-1} closed
[INFO] [2018-08-03 09:23:16] org.springframework.test.context.support.AbstractTestContextBootstrapper.getDefaultTestExecutionListenerClassNames(256) | Loaded default TestExecutionListener class names from location [META-INF/spring.factories]: [org.springframework.test.context.web.ServletTestExecutionListener, org.springframework.test.context.support.DependencyInjectionTestExecutionListener, org.springframework.test.context.support.DirtiesContextTestExecutionListener, org.springframework.test.context.transaction.TransactionalTestExecutionListener, org.springframework.test.context.jdbc.SqlScriptsTestExecutionListener]
[INFO] [2018-08-03 09:23:16] org.springframework.test.context.support.AbstractTestContextBootstrapper.getTestExecutionListeners(182) | Using TestExecutionListeners: [org.springframework.test.context.web.ServletTestExecutionListener@3e3047e6, org.springframework.test.context.support.DependencyInjectionTestExecutionListener@37e547da, org.springframework.test.context.support.DirtiesContextTestExecutionListener@2b6856dd, org.springframework.test.context.transaction.TransactionalTestExecutionListener@5db45159, org.springframework.test.context.jdbc.SqlScriptsTestExecutionListener@6107227e]
[INFO] [2018-08-03 09:23:16] org.springframework.beans.factory.xml.XmlBeanDefinitionReader.loadBeanDefinitions(317) | Loading XML bean definitions from class path resource [spring-test.xml]
[INFO] [2018-08-03 09:23:17] org.springframework.context.support.AbstractApplicationContext.prepareRefresh(510) | Refreshing org.springframework.context.support.GenericApplicationContext@7c0c77c7: startup date [Fri Aug 03 09:23:17 CST 2018]; root of context hierarchy
[INFO] [2018-08-03 09:23:17] org.springframework.core.io.support.PropertiesLoaderSupport.loadProperties(172) | Loading properties file from URL [file:E:/caxinsTest/caxstest/caxs-conf/dubbo-server.properties]
[INFO] [2018-08-03 09:23:17] org.springframework.core.io.support.PropertiesLoaderSupport.loadProperties(172) | Loading properties file from URL [file:E:/caxinsTest/caxstest/caxs-conf/jdbc.properties]
[INFO] [2018-08-03 09:23:17] com.alibaba.druid.pool.DruidDataSource.init(722) | {dataSource-1} inited
[INFO] [2018-08-03 09:23:17] com.alibaba.druid.pool.DruidDataSourceStatLoggerImpl.log(77) | {"url":"jdbc:mysql://haomo-studio.com:3317/org?useUnicode=true&characterEncoding=utf8&autoReconnect=true","dbType":"mysql","name":"DataSource-1057569470","activeCount":0,"poolingCount":0,"connectCount":0,"closeCount":0}
[INFO] [2018-08-03 09:23:55] org.springframework.context.support.AbstractApplicationContext.doClose(862) | Closing org.springframework.context.support.GenericApplicationContext@7c0c77c7: startup date [Fri Aug 03 09:23:17 CST 2018]; root of context hierarchy
[INFO] [2018-08-03 09:23:55] com.alibaba.druid.pool.DruidDataSource.close(1447) | {dataSource-1} closed
[INFO] [2018-08-03 09:24:10] org.springframework.test.context.support.AbstractTestContextBootstrapper.getDefaultTestExecutionListenerClassNames(256) | Loaded default TestExecutionListener class names from location [META-INF/spring.factories]: [org.springframework.test.context.web.ServletTestExecutionListener, org.springframework.test.context.support.DependencyInjectionTestExecutionListener, org.springframework.test.context.support.DirtiesContextTestExecutionListener, org.springframework.test.context.transaction.TransactionalTestExecutionListener, org.springframework.test.context.jdbc.SqlScriptsTestExecutionListener]
[INFO] [2018-08-03 09:24:10] org.springframework.test.context.support.AbstractTestContextBootstrapper.getTestExecutionListeners(182) | Using TestExecutionListeners: [org.springframework.test.context.web.ServletTestExecutionListener@3e3047e6, org.springframework.test.context.support.DependencyInjectionTestExecutionListener@37e547da, org.springframework.test.context.support.DirtiesContextTestExecutionListener@2b6856dd, org.springframework.test.context.transaction.TransactionalTestExecutionListener@5db45159, org.springframework.test.context.jdbc.SqlScriptsTestExecutionListener@6107227e]
[INFO] [2018-08-03 09:24:10] org.springframework.beans.factory.xml.XmlBeanDefinitionReader.loadBeanDefinitions(317) | Loading XML bean definitions from class path resource [spring-test.xml]
[INFO] [2018-08-03 09:24:11] org.springframework.context.support.AbstractApplicationContext.prepareRefresh(510) | Refreshing org.springframework.context.support.GenericApplicationContext@7c0c77c7: startup date [Fri Aug 03 09:24:11 CST 2018]; root of context hierarchy
[INFO] [2018-08-03 09:24:11] org.springframework.core.io.support.PropertiesLoaderSupport.loadProperties(172) | Loading properties file from URL [file:E:/caxinsTest/caxstest/caxs-conf/dubbo-server.properties]
[INFO] [2018-08-03 09:24:11] org.springframework.core.io.support.PropertiesLoaderSupport.loadProperties(172) | Loading properties file from URL [file:E:/caxinsTest/caxstest/caxs-conf/jdbc.properties]
[INFO] [2018-08-03 09:24:11] com.alibaba.druid.pool.DruidDataSource.init(722) | {dataSource-1} inited
[INFO] [2018-08-03 09:24:11] com.alibaba.druid.pool.DruidDataSourceStatLoggerImpl.log(77) | {"url":"jdbc:mysql://haomo-studio.com:3317/org?useUnicode=true&characterEncoding=utf8&autoReconnect=true","dbType":"mysql","name":"DataSource-2031927175","activeCount":0,"poolingCount":0,"connectCount":0,"closeCount":0}
[ERROR] [2018-08-03 09:24:18] com.alibaba.druid.filter.logging.Log4jFilter.statementLogError(152) | {conn-10001, pstmt-20000} execute error. insert into hm_user
     ( id,
      
      
        username,
      
      
        loginid,
      
      
        password ) 
     values ( ?,
      
      
        ?,
      
      
        ?,
      
      
        ? )
com.mysql.jdbc.exceptions.jdbc4.MySQLIntegrityConstraintViolationException: Duplicate entry '13' for key 'PRIMARY'
	at sun.reflect.NativeConstructorAccessorImpl.newInstance0(Native Method)
	at sun.reflect.NativeConstructorAccessorImpl.newInstance(NativeConstructorAccessorImpl.java:62)
	at sun.reflect.DelegatingConstructorAccessorImpl.newInstance(DelegatingConstructorAccessorImpl.java:45)
	at java.lang.reflect.Constructor.newInstance(Constructor.java:422)
	at com.mysql.jdbc.Util.handleNewInstance(Util.java:377)
	at com.mysql.jdbc.Util.getInstance(Util.java:360)
	at com.mysql.jdbc.SQLError.createSQLException(SQLError.java:971)
	at com.mysql.jdbc.MysqlIO.checkErrorPacket(MysqlIO.java:3887)
	at com.mysql.jdbc.MysqlIO.checkErrorPacket(MysqlIO.java:3823)
	at com.mysql.jdbc.MysqlIO.sendCommand(MysqlIO.java:2435)
	at com.mysql.jdbc.MysqlIO.sqlQueryDirect(MysqlIO.java:2582)
	at com.mysql.jdbc.ConnectionImpl.execSQL(ConnectionImpl.java:2530)
	at com.mysql.jdbc.PreparedStatement.executeInternal(PreparedStatement.java:1907)
	at com.mysql.jdbc.PreparedStatement.execute(PreparedStatement.java:1199)
	at com.alibaba.druid.filter.FilterChainImpl.preparedStatement_execute(FilterChainImpl.java:2931)
	at com.alibaba.druid.filter.FilterEventAdapter.preparedStatement_execute(FilterEventAdapter.java:440)
	at com.alibaba.druid.filter.FilterChainImpl.preparedStatement_execute(FilterChainImpl.java:2929)
	at com.alibaba.druid.filter.FilterEventAdapter.preparedStatement_execute(FilterEventAdapter.java:440)
	at com.alibaba.druid.filter.FilterChainImpl.preparedStatement_execute(FilterChainImpl.java:2929)
	at com.alibaba.druid.wall.WallFilter.preparedStatement_execute(WallFilter.java:600)
	at com.alibaba.druid.filter.FilterChainImpl.preparedStatement_execute(FilterChainImpl.java:2929)
	at com.alibaba.druid.filter.FilterEventAdapter.preparedStatement_execute(FilterEventAdapter.java:440)
	at com.alibaba.druid.filter.FilterChainImpl.preparedStatement_execute(FilterChainImpl.java:2929)
	at com.alibaba.druid.proxy.jdbc.PreparedStatementProxyImpl.execute(PreparedStatementProxyImpl.java:131)
	at com.alibaba.druid.pool.DruidPooledPreparedStatement.execute(DruidPooledPreparedStatement.java:493)
	at org.apache.ibatis.executor.statement.PreparedStatementHandler.update(PreparedStatementHandler.java:44)
	at org.apache.ibatis.executor.statement.RoutingStatementHandler.update(RoutingStatementHandler.java:69)
	at org.apache.ibatis.executor.SimpleExecutor.doUpdate(SimpleExecutor.java:48)
	at org.apache.ibatis.executor.BaseExecutor.update(BaseExecutor.java:105)
	at org.apache.ibatis.executor.CachingExecutor.update(CachingExecutor.java:71)
	at sun.reflect.NativeMethodAccessorImpl.invoke0(Native Method)
	at sun.reflect.NativeMethodAccessorImpl.invoke(NativeMethodAccessorImpl.java:62)
	at sun.reflect.DelegatingMethodAccessorImpl.invoke(DelegatingMethodAccessorImpl.java:43)
	at java.lang.reflect.Method.invoke(Method.java:497)
	at org.apache.ibatis.plugin.Plugin.invoke(Plugin.java:62)
	at com.sun.proxy.$Proxy21.update(Unknown Source)
	at org.apache.ibatis.session.defaults.DefaultSqlSession.update(DefaultSqlSession.java:152)
	at org.apache.ibatis.session.defaults.DefaultSqlSession.insert(DefaultSqlSession.java:141)
	at sun.reflect.NativeMethodAccessorImpl.invoke0(Native Method)
	at sun.reflect.NativeMethodAccessorImpl.invoke(NativeMethodAccessorImpl.java:62)
	at sun.reflect.DelegatingMethodAccessorImpl.invoke(DelegatingMethodAccessorImpl.java:43)
	at java.lang.reflect.Method.invoke(Method.java:497)
	at org.mybatis.spring.SqlSessionTemplate$SqlSessionInterceptor.invoke(SqlSessionTemplate.java:358)
	at com.sun.proxy.$Proxy17.insert(Unknown Source)
	at org.mybatis.spring.SqlSessionTemplate.insert(SqlSessionTemplate.java:240)
	at org.apache.ibatis.binding.MapperMethod.execute(MapperMethod.java:51)
	at org.apache.ibatis.binding.MapperProxy.invoke(MapperProxy.java:52)
	at com.sun.proxy.$Proxy19.insertSelective(Unknown Source)
	at com.caxs.base.serviceImpl.UserServiceImplTest.testCreatUser(UserServiceImplTest.java:67)
	at sun.reflect.NativeMethodAccessorImpl.invoke0(Native Method)
	at sun.reflect.NativeMethodAccessorImpl.invoke(NativeMethodAccessorImpl.java:62)
	at sun.reflect.DelegatingMethodAccessorImpl.invoke(DelegatingMethodAccessorImpl.java:43)
	at java.lang.reflect.Method.invoke(Method.java:497)
	at org.junit.runners.model.FrameworkMethod$1.runReflectiveCall(FrameworkMethod.java:44)
	at org.junit.internal.runners.model.ReflectiveCallable.run(ReflectiveCallable.java:15)
	at org.junit.runners.model.FrameworkMethod.invokeExplosively(FrameworkMethod.java:41)
	at org.junit.internal.runners.statements.InvokeMethod.evaluate(InvokeMethod.java:20)
	at org.junit.internal.runners.statements.RunBefores.evaluate(RunBefores.java:28)
	at org.springframework.test.context.junit4.statements.RunBeforeTestMethodCallbacks.evaluate(RunBeforeTestMethodCallbacks.java:73)
	at org.junit.internal.runners.statements.RunAfters.evaluate(RunAfters.java:31)
	at org.springframework.test.context.junit4.statements.RunAfterTestMethodCallbacks.evaluate(RunAfterTestMethodCallbacks.java:82)
	at org.springframework.test.context.junit4.statements.SpringRepeat.evaluate(SpringRepeat.java:73)
	at org.junit.runners.ParentRunner.runLeaf(ParentRunner.java:263)
	at org.springframework.test.context.junit4.SpringJUnit4ClassRunner.runChild(SpringJUnit4ClassRunner.java:217)
	at org.springframework.test.context.junit4.SpringJUnit4ClassRunner.runChild(SpringJUnit4ClassRunner.java:83)
	at org.junit.runners.ParentRunner$3.run(ParentRunner.java:231)
	at org.junit.runners.ParentRunner$1.schedule(ParentRunner.java:60)
	at org.junit.runners.ParentRunner.runChildren(ParentRunner.java:229)
	at org.junit.runners.ParentRunner.access$000(ParentRunner.java:50)
	at org.junit.runners.ParentRunner$2.evaluate(ParentRunner.java:222)
	at org.springframework.test.context.junit4.statements.RunBeforeTestClassCallbacks.evaluate(RunBeforeTestClassCallbacks.java:61)
	at org.springframework.test.context.junit4.statements.RunAfterTestClassCallbacks.evaluate(RunAfterTestClassCallbacks.java:68)
	at org.junit.runners.ParentRunner.run(ParentRunner.java:292)
	at org.springframework.test.context.junit4.SpringJUnit4ClassRunner.run(SpringJUnit4ClassRunner.java:163)
	at org.junit.runner.JUnitCore.run(JUnitCore.java:157)
	at com.intellij.junit4.JUnit4IdeaTestRunner.startRunnerWithArgs(JUnit4IdeaTestRunner.java:119)
	at com.intellij.junit4.JUnit4IdeaTestRunner.startRunnerWithArgs(JUnit4IdeaTestRunner.java:42)
	at com.intellij.rt.execution.junit.JUnitStarter.prepareStreamsAndStart(JUnitStarter.java:234)
	at com.intellij.rt.execution.junit.JUnitStarter.main(JUnitStarter.java:74)
[INFO] [2018-08-03 09:24:18] org.springframework.beans.factory.xml.XmlBeanDefinitionReader.loadBeanDefinitions(317) | Loading XML bean definitions from class path resource [org/springframework/jdbc/support/sql-error-codes.xml]
[INFO] [2018-08-03 09:24:18] org.springframework.jdbc.support.SQLErrorCodesFactory.<init>(126) | SQLErrorCodes loaded: [DB2, Derby, H2, HSQL, Informix, MS-SQL, MySQL, Oracle, PostgreSQL, Sybase, Hana]
[INFO] [2018-08-03 09:24:33] org.springframework.context.support.AbstractApplicationContext.doClose(862) | Closing org.springframework.context.support.GenericApplicationContext@7c0c77c7: startup date [Fri Aug 03 09:24:11 CST 2018]; root of context hierarchy
[INFO] [2018-08-03 09:24:33] com.alibaba.druid.pool.DruidDataSource.close(1447) | {dataSource-1} closed
[INFO] [2018-08-03 09:24:39] org.springframework.test.context.support.AbstractTestContextBootstrapper.getDefaultTestExecutionListenerClassNames(256) | Loaded default TestExecutionListener class names from location [META-INF/spring.factories]: [org.springframework.test.context.web.ServletTestExecutionListener, org.springframework.test.context.support.DependencyInjectionTestExecutionListener, org.springframework.test.context.support.DirtiesContextTestExecutionListener, org.springframework.test.context.transaction.TransactionalTestExecutionListener, org.springframework.test.context.jdbc.SqlScriptsTestExecutionListener]
[INFO] [2018-08-03 09:24:39] org.springframework.test.context.support.AbstractTestContextBootstrapper.getTestExecutionListeners(182) | Using TestExecutionListeners: [org.springframework.test.context.web.ServletTestExecutionListener@3e3047e6, org.springframework.test.context.support.DependencyInjectionTestExecutionListener@37e547da, org.springframework.test.context.support.DirtiesContextTestExecutionListener@2b6856dd, org.springframework.test.context.transaction.TransactionalTestExecutionListener@5db45159, org.springframework.test.context.jdbc.SqlScriptsTestExecutionListener@6107227e]
[INFO] [2018-08-03 09:24:39] org.springframework.beans.factory.xml.XmlBeanDefinitionReader.loadBeanDefinitions(317) | Loading XML bean definitions from class path resource [spring-test.xml]
[INFO] [2018-08-03 09:24:40] org.springframework.context.support.AbstractApplicationContext.prepareRefresh(510) | Refreshing org.springframework.context.support.GenericApplicationContext@7c0c77c7: startup date [Fri Aug 03 09:24:40 CST 2018]; root of context hierarchy
[INFO] [2018-08-03 09:24:40] org.springframework.core.io.support.PropertiesLoaderSupport.loadProperties(172) | Loading properties file from URL [file:E:/caxinsTest/caxstest/caxs-conf/dubbo-server.properties]
[INFO] [2018-08-03 09:24:40] org.springframework.core.io.support.PropertiesLoaderSupport.loadProperties(172) | Loading properties file from URL [file:E:/caxinsTest/caxstest/caxs-conf/jdbc.properties]
[INFO] [2018-08-03 09:24:40] com.alibaba.druid.pool.DruidDataSource.init(722) | {dataSource-1} inited
[INFO] [2018-08-03 09:24:40] com.alibaba.druid.pool.DruidDataSourceStatLoggerImpl.log(77) | {"url":"jdbc:mysql://haomo-studio.com:3317/org?useUnicode=true&characterEncoding=utf8&autoReconnect=true","dbType":"mysql","name":"DataSource-2031927175","activeCount":0,"poolingCount":0,"connectCount":0,"closeCount":0}
[INFO] [2018-08-03 09:24:48] org.springframework.context.support.AbstractApplicationContext.doClose(862) | Closing org.springframework.context.support.GenericApplicationContext@7c0c77c7: startup date [Fri Aug 03 09:24:40 CST 2018]; root of context hierarchy
[INFO] [2018-08-03 09:24:48] com.alibaba.druid.pool.DruidDataSource.close(1447) | {dataSource-1} closed
[INFO] [2018-08-03 09:25:09] org.springframework.test.context.support.AbstractTestContextBootstrapper.getDefaultTestExecutionListenerClassNames(256) | Loaded default TestExecutionListener class names from location [META-INF/spring.factories]: [org.springframework.test.context.web.ServletTestExecutionListener, org.springframework.test.context.support.DependencyInjectionTestExecutionListener, org.springframework.test.context.support.DirtiesContextTestExecutionListener, org.springframework.test.context.transaction.TransactionalTestExecutionListener, org.springframework.test.context.jdbc.SqlScriptsTestExecutionListener]
[INFO] [2018-08-03 09:25:09] org.springframework.test.context.support.AbstractTestContextBootstrapper.getTestExecutionListeners(182) | Using TestExecutionListeners: [org.springframework.test.context.web.ServletTestExecutionListener@3e3047e6, org.springframework.test.context.support.DependencyInjectionTestExecutionListener@37e547da, org.springframework.test.context.support.DirtiesContextTestExecutionListener@2b6856dd, org.springframework.test.context.transaction.TransactionalTestExecutionListener@5db45159, org.springframework.test.context.jdbc.SqlScriptsTestExecutionListener@6107227e]
[INFO] [2018-08-03 09:25:09] org.springframework.beans.factory.xml.XmlBeanDefinitionReader.loadBeanDefinitions(317) | Loading XML bean definitions from class path resource [spring-test.xml]
[INFO] [2018-08-03 09:25:09] org.springframework.context.support.AbstractApplicationContext.prepareRefresh(510) | Refreshing org.springframework.context.support.GenericApplicationContext@7c0c77c7: startup date [Fri Aug 03 09:25:09 CST 2018]; root of context hierarchy
[INFO] [2018-08-03 09:25:09] org.springframework.core.io.support.PropertiesLoaderSupport.loadProperties(172) | Loading properties file from URL [file:E:/caxinsTest/caxstest/caxs-conf/dubbo-server.properties]
[INFO] [2018-08-03 09:25:09] org.springframework.core.io.support.PropertiesLoaderSupport.loadProperties(172) | Loading properties file from URL [file:E:/caxinsTest/caxstest/caxs-conf/jdbc.properties]
[INFO] [2018-08-03 09:25:10] com.alibaba.druid.pool.DruidDataSource.init(722) | {dataSource-1} inited
[INFO] [2018-08-03 09:25:10] com.alibaba.druid.pool.DruidDataSourceStatLoggerImpl.log(77) | {"url":"jdbc:mysql://haomo-studio.com:3317/org?useUnicode=true&characterEncoding=utf8&autoReconnect=true","dbType":"mysql","name":"DataSource-1057569470","activeCount":0,"poolingCount":0,"connectCount":0,"closeCount":0}
[INFO] [2018-08-03 09:25:33] org.springframework.context.support.AbstractApplicationContext.doClose(862) | Closing org.springframework.context.support.GenericApplicationContext@7c0c77c7: startup date [Fri Aug 03 09:25:09 CST 2018]; root of context hierarchy
[INFO] [2018-08-03 09:25:33] com.alibaba.druid.pool.DruidDataSource.close(1447) | {dataSource-1} closed
